2025-12-09 19:55:28,017 - === Training Session Started ===
2025-12-09 19:55:28,017 - Device: mps
2025-12-09 19:55:28,017 - Model parameters: 11,203,188
2025-12-09 19:55:28,017 - Training Configuration:
2025-12-09 19:55:28,017 -   num_classes: 52
2025-12-09 19:55:28,017 -   epochs: 20
2025-12-09 19:55:28,017 -   batch_size: 8
2025-12-09 19:55:28,017 -   learning_rate: 0.001
2025-12-09 19:55:28,017 -   model_type: resnet
2025-12-09 19:55:28,017 -   use_synthetic_data: True
2025-12-09 19:55:28,017 -   use_real_data: False
2025-12-09 19:55:30,814 - Epoch 1/20
2025-12-09 19:55:30,815 -   Train Loss: 4.7913, Train Acc: 0.0238
2025-12-09 19:55:30,815 -   Val Loss: 6.7950, Val Acc: 0.0000
2025-12-09 19:55:30,815 -   LR: 0.001000
2025-12-09 19:55:30,815 - --------------------------------------------------
2025-12-09 19:55:31,040 - Epoch 2/20
2025-12-09 19:55:31,040 -   Train Loss: 4.1260, Train Acc: 0.0238
2025-12-09 19:55:31,040 -   Val Loss: 7.0888, Val Acc: 0.0000
2025-12-09 19:55:31,040 -   LR: 0.001000
2025-12-09 19:55:31,040 - --------------------------------------------------
2025-12-09 19:55:31,274 - Epoch 3/20
2025-12-09 19:55:31,274 -   Train Loss: 3.4232, Train Acc: 0.0952
2025-12-09 19:55:31,274 -   Val Loss: 7.6165, Val Acc: 0.0000
2025-12-09 19:55:31,274 -   LR: 0.001000
2025-12-09 19:55:31,274 - --------------------------------------------------
2025-12-09 19:55:31,480 - Epoch 4/20
2025-12-09 19:55:31,480 -   Train Loss: 2.9693, Train Acc: 0.2143
2025-12-09 19:55:31,480 -   Val Loss: 12.5453, Val Acc: 0.0000
2025-12-09 19:55:31,480 -   LR: 0.001000
2025-12-09 19:55:31,480 - --------------------------------------------------
2025-12-09 19:55:31,682 - Epoch 5/20
2025-12-09 19:55:31,682 -   Train Loss: 3.0333, Train Acc: 0.1667
2025-12-09 19:55:31,682 -   Val Loss: 15.1326, Val Acc: 0.0000
2025-12-09 19:55:31,682 -   LR: 0.001000
2025-12-09 19:55:31,682 - --------------------------------------------------
2025-12-09 19:55:31,884 - Epoch 6/20
2025-12-09 19:55:31,884 -   Train Loss: 2.4944, Train Acc: 0.2143
2025-12-09 19:55:31,884 -   Val Loss: 15.8337, Val Acc: 0.0000
2025-12-09 19:55:31,884 -   LR: 0.001000
2025-12-09 19:55:31,884 - --------------------------------------------------
2025-12-09 19:55:32,087 - Epoch 7/20
2025-12-09 19:55:32,087 -   Train Loss: 2.2943, Train Acc: 0.2857
2025-12-09 19:55:32,087 -   Val Loss: 12.8077, Val Acc: 0.0000
2025-12-09 19:55:32,087 -   LR: 0.000500
2025-12-09 19:55:32,087 - --------------------------------------------------
2025-12-09 19:55:32,289 - Epoch 8/20
2025-12-09 19:55:32,289 -   Train Loss: 2.3484, Train Acc: 0.3571
2025-12-09 19:55:32,289 -   Val Loss: 12.0658, Val Acc: 0.0000
2025-12-09 19:55:32,289 -   LR: 0.000500
2025-12-09 19:55:32,289 - --------------------------------------------------
2025-12-09 19:55:32,496 - Epoch 9/20
2025-12-09 19:55:32,496 -   Train Loss: 1.8682, Train Acc: 0.4762
2025-12-09 19:55:32,496 -   Val Loss: 11.8083, Val Acc: 0.0000
2025-12-09 19:55:32,496 -   LR: 0.000500
2025-12-09 19:55:32,496 - --------------------------------------------------
2025-12-09 19:55:32,701 - Epoch 10/20
2025-12-09 19:55:32,701 -   Train Loss: 1.6757, Train Acc: 0.5238
2025-12-09 19:55:32,701 -   Val Loss: 10.7254, Val Acc: 0.0000
2025-12-09 19:55:32,702 -   LR: 0.000500
2025-12-09 19:55:32,702 - --------------------------------------------------
2025-12-09 19:55:32,915 - Epoch 11/20
2025-12-09 19:55:32,915 -   Train Loss: 1.7012, Train Acc: 0.4762
2025-12-09 19:55:32,915 -   Val Loss: 11.0642, Val Acc: 0.0000
2025-12-09 19:55:32,915 -   LR: 0.000500
2025-12-09 19:55:32,915 - --------------------------------------------------
2025-12-09 19:55:33,122 - Epoch 12/20
2025-12-09 19:55:33,122 -   Train Loss: 1.9667, Train Acc: 0.5000
2025-12-09 19:55:33,122 -   Val Loss: 11.0085, Val Acc: 0.0000
2025-12-09 19:55:33,122 -   LR: 0.000500
2025-12-09 19:55:33,122 - --------------------------------------------------
2025-12-09 19:55:33,332 - Epoch 13/20
2025-12-09 19:55:33,332 -   Train Loss: 1.4489, Train Acc: 0.5000
2025-12-09 19:55:33,332 -   Val Loss: 11.0169, Val Acc: 0.0000
2025-12-09 19:55:33,332 -   LR: 0.000250
2025-12-09 19:55:33,332 - --------------------------------------------------
2025-12-09 19:55:33,539 - Epoch 14/20
2025-12-09 19:55:33,539 -   Train Loss: 1.4841, Train Acc: 0.6667
2025-12-09 19:55:33,539 -   Val Loss: 11.3142, Val Acc: 0.0000
2025-12-09 19:55:33,539 -   LR: 0.000250
2025-12-09 19:55:33,539 - --------------------------------------------------
2025-12-09 19:55:33,743 - Epoch 15/20
2025-12-09 19:55:33,744 -   Train Loss: 1.2062, Train Acc: 0.7143
2025-12-09 19:55:33,744 -   Val Loss: 11.2347, Val Acc: 0.0000
2025-12-09 19:55:33,744 -   LR: 0.000250
2025-12-09 19:55:33,744 - --------------------------------------------------
2025-12-09 19:55:33,951 - Epoch 16/20
2025-12-09 19:55:33,951 -   Train Loss: 1.2023, Train Acc: 0.7619
2025-12-09 19:55:33,951 -   Val Loss: 10.1160, Val Acc: 0.0000
2025-12-09 19:55:33,951 -   LR: 0.000250
2025-12-09 19:55:33,951 - --------------------------------------------------
2025-12-09 19:55:34,158 - Epoch 17/20
2025-12-09 19:55:34,158 -   Train Loss: 1.0746, Train Acc: 0.7857
2025-12-09 19:55:34,158 -   Val Loss: 11.3939, Val Acc: 0.0000
2025-12-09 19:55:34,158 -   LR: 0.000250
2025-12-09 19:55:34,158 - --------------------------------------------------
2025-12-09 19:55:34,367 - Epoch 18/20
2025-12-09 19:55:34,367 -   Train Loss: 1.2168, Train Acc: 0.6429
2025-12-09 19:55:34,367 -   Val Loss: 11.1114, Val Acc: 0.0000
2025-12-09 19:55:34,367 -   LR: 0.000250
2025-12-09 19:55:34,367 - --------------------------------------------------
2025-12-09 19:55:34,574 - Epoch 19/20
2025-12-09 19:55:34,574 -   Train Loss: 0.7811, Train Acc: 0.8333
2025-12-09 19:55:34,574 -   Val Loss: 9.9175, Val Acc: 0.0000
2025-12-09 19:55:34,574 -   LR: 0.000125
2025-12-09 19:55:34,574 - --------------------------------------------------
